
> pos-retail-automotive@0.1.0 dev
> next dev

⚠ Port 3000 is in use by process 66263, using available port 3002 instead.
▲ Next.js 16.2.6 (Turbopack)
- Local:         http://localhost:3002
- Network:       http://10.4.24.150:3002
✓ Ready in 255ms
⚠ Warning: Next.js inferred your workspace root, but it may not be correct.
 We detected multiple lockfiles and selected the directory of /Users/federicotubio/package-lock.json as the root directory.
 To silence this warning, set `turbopack.root` in your Next.js config, or consider removing one of the lockfiles if it's not needed.
   See https://nextjs.org/docs/app/api-reference/config/next-config-js/turbopack#root-directory for more information.
 Detected additional lockfiles: 
   * /Users/federicotubio/pos-retail-automotive/package-lock.json

⨯ Another next dev server is already running.

- Local:        http://localhost:3001
- PID:          66982
- Dir:          /Users/federicotubio/pos-retail-automotive
- Log:          .next/dev/logs/next-development.log

Run kill 66982 to stop it.
[?25h
